1614465789956	geckodriver	INFO	Listening on 127.0.0.1:59919
1614465793019	mozrunner::runner	INFO	Running command: "C:\\Program Files\\Mozilla Firefox\\firefox.exe" "--marionette" "--headless" "-foreground" "-no-remote" "-profile" "C:\\Users\\guoxuan\\AppData\\Local\\Temp\\rust_mozprofileDzfOVp"
*** You are running in headless mode.
console.warn: SearchSettings: "get: No settings file exists, new profile?" (new Error("", "(unknown module)"))
1614465798949	Marionette	INFO	Listening on port 59927
1614465799121	Marionette	WARN	TLS certificate errors will be ignored for this session
1614465844775	geckodriver	INFO	Listening on 127.0.0.1:59981
1614465847809	mozrunner::runner	INFO	Running command: "C:\\Program Files\\Mozilla Firefox\\firefox.exe" "--marionette" "--headless" "-foreground" "-no-remote" "-profile" "C:\\Users\\guoxuan\\AppData\\Local\\Temp\\rust_mozprofileq9GaGF"
*** You are running in headless mode.
console.warn: SearchSettings: "get: No settings file exists, new profile?" (new Error("", "(unknown module)"))
1614465853659	Marionette	INFO	Listening on port 59989
1614465853720	Marionette	WARN	TLS certificate errors will be ignored for this session
1614465917026	geckodriver	INFO	Listening on 127.0.0.1:60043
1614465920077	mozrunner::runner	INFO	Running command: "C:\\Program Files\\Mozilla Firefox\\firefox.exe" "--marionette" "--headless" "-foreground" "-no-remote" "-profile" "C:\\Users\\guoxuan\\AppData\\Local\\Temp\\rust_mozprofile5ZVNSu"
*** You are running in headless mode.
console.warn: SearchSettings: "get: No settings file exists, new profile?" (new Error("", "(unknown module)"))
1614465925457	Marionette	INFO	Listening on port 60052
1614465925947	Marionette	WARN	TLS certificate errors will be ignored for this session
1614465943679	geckodriver	INFO	Listening on 127.0.0.1:60104
1614465946700	mozrunner::runner	INFO	Running command: "C:\\Program Files\\Mozilla Firefox\\firefox.exe" "--marionette" "--headless" "-foreground" "-no-remote" "-profile" "C:\\Users\\guoxuan\\AppData\\Local\\Temp\\rust_mozprofilepqkVg0"
*** You are running in headless mode.
console.warn: SearchSettings: "get: No settings file exists, new profile?" (new Error("", "(unknown module)"))
1614465953440	Marionette	INFO	Listening on port 60113
1614465953717	Marionette	WARN	TLS certificate errors will be ignored for this session
1614465962586	geckodriver	INFO	Listening on 127.0.0.1:60165
1614465965636	mozrunner::runner	INFO	Running command: "C:\\Program Files\\Mozilla Firefox\\firefox.exe" "--marionette" "--headless" "-foreground" "-no-remote" "-profile" "C:\\Users\\guoxuan\\AppData\\Local\\Temp\\rust_mozprofilesHHYiD"
*** You are running in headless mode.
console.warn: SearchSettings: "get: No settings file exists, new profile?" (new Error("", "(unknown module)"))
1614465970816	Marionette	INFO	Listening on port 60173
1614465970974	Marionette	WARN	TLS certificate errors will be ignored for this session
1614466052583	geckodriver	INFO	Listening on 127.0.0.1:60227
1614466055638	mozrunner::runner	INFO	Running command: "C:\\Program Files\\Mozilla Firefox\\firefox.exe" "--marionette" "--headless" "-foreground" "-no-remote" "-profile" "C:\\Users\\guoxuan\\AppData\\Local\\Temp\\rust_mozprofileLdFUuq"
*** You are running in headless mode.
console.warn: SearchSettings: "get: No settings file exists, new profile?" (new Error("", "(unknown module)"))
1614466061020	Marionette	INFO	Listening on port 60235
1614466061763	Marionette	WARN	TLS certificate errors will be ignored for this session
1614466079411	Marionette	INFO	Stopped listening on port 60235
JavaScript error: resource://activity-stream/lib/ASRouter.jsm, line 988: NS_ERROR_ILLEGAL_VALUE: Component returned failure code: 0x80070057 (NS_ERROR_ILLEGAL_VALUE) [nsIObserverService.removeObserver]
