[INFO  - 2019-09-22T21:00:29.157Z] GhostDriver - Main - running on port 56518
[INFO  - 2019-09-22T21:00:33.639Z] Session [04b78510-dd7c-11e9-8c29-97bc00ca875f] - page.settings - {"XSSAuditingEnabled":false,"javascriptCanCloseWindows":true,"javascriptCanOpenWindows":true,"javascriptEnabled":true,"loadImages":true,"localToRemoteUrlAccessEnabled":false,"userAgent":"Mozilla/5.0 (Windows NT 6.2; WOW64) AppleWebKit/538.1 (KHTML, like Gecko) PhantomJS/2.1.1 Safari/538.1","webSecurityEnabled":true}
[INFO  - 2019-09-22T21:00:33.639Z] Session [04b78510-dd7c-11e9-8c29-97bc00ca875f] - page.customHeaders:  - {}
[INFO  - 2019-09-22T21:00:33.640Z] Session [04b78510-dd7c-11e9-8c29-97bc00ca875f] - Session.negotiatedCapabilities - {"browserName":"phantomjs","version":"2.1.1","driverName":"ghostdriver","driverVersion":"1.2.0","platform":"windows-10-32bit","javascriptEnabled":true,"takesScreenshot":true,"handlesAlerts":false,"databaseEnabled":false,"locationContextEnabled":false,"applicationCacheEnabled":false,"browserConnectionEnabled":false,"cssSelectorsEnabled":true,"webStorageEnabled":false,"rotatable":false,"acceptSslCerts":false,"nativeEvents":true,"proxy":{"proxyType":"direct"}}
[INFO  - 2019-09-22T21:00:33.640Z] SessionManagerReqHand - _postNewSessionCommand - New Session Created: 04b78510-dd7c-11e9-8c29-97bc00ca875f
[ERROR - 2019-09-22T21:00:33.655Z] RouterReqHand - _handle.error - {"name":"Missing Command Parameter","message":"{\"headers\":{\"Accept\":\"application/json\",\"Accept-Encoding\":\"identity\",\"Content-Length\":\"72\",\"Content-Type\":\"application/json;charset=UTF-8\",\"Host\":\"127.0.0.1:56518\",\"User-Agent\":\"selenium/3.141.0 (python windows)\"},\"httpVersion\":\"1.1\",\"method\":\"POST\",\"post\":\"{\\\"pageLoad\\\": 30000, \\\"sessionId\\\": \\\"04b78510-dd7c-11e9-8c29-97bc00ca875f\\\"}\",\"url\":\"/timeouts\",\"urlParsed\":{\"anchor\":\"\",\"query\":\"\",\"file\":\"timeouts\",\"directory\":\"/\",\"path\":\"/timeouts\",\"relative\":\"/timeouts\",\"port\":\"\",\"host\":\"\",\"password\":\"\",\"user\":\"\",\"userInfo\":\"\",\"authority\":\"\",\"protocol\":\"\",\"source\":\"/timeouts\",\"queryKey\":{},\"chunks\":[\"timeouts\"]},\"urlOriginal\":\"/session/04b78510-dd7c-11e9-8c29-97bc00ca875f/timeouts\"}","line":546,"sourceURL":"phantomjs://code/session_request_handler.js","stack":"_postTimeout@phantomjs://code/session_request_handler.js:546:73\n_handle@phantomjs://code/session_request_handler.js:148:25\n_reroute@phantomjs://code/request_handler.js:61:20\n_handle@phantomjs://code/router_request_handler.js:78:46"}

  phantomjs://platform/console++.js:263 in error
2019-09-22T17:00:35 [CRITICAL] QWindowsFontEngine::QWindowsFontEngine: GetTextMetrics failed ()
2019-09-22T17:00:35 [CRITICAL] QWindowsFontEngine::QWindowsFontEngine: GetTextMetrics failed ()
2019-09-22T17:00:35 [CRITICAL] QWindowsFontEngine::QWindowsFontEngine: GetTextMetrics failed ()
2019-09-22T17:00:35 [CRITICAL] QWindowsFontEngine::QWindowsFontEngine: GetTextMetrics failed ()
2019-09-22T17:00:35 [CRITICAL] QWindowsFontEngine::QWindowsFontEngine: GetTextMetrics failed ()
2019-09-22T17:00:35 [CRITICAL] QWindowsFontEngine::QWindowsFontEngine: GetTextMetrics failed ()
2019-09-22T17:00:35 [CRITICAL] QWindowsFontEngine::QWindowsFontEngine: GetTextMetrics failed ()
2019-09-22T17:00:35 [CRITICAL] QWindowsFontEngine::QWindowsFontEngine: GetTextMetrics failed ()
2019-09-22T17:00:35 [CRITICAL] QWindowsFontEngine::QWindowsFontEngine: GetTextMetrics failed ()
2019-09-22T17:00:35 [CRITICAL] QWindowsFontEngine::QWindowsFontEngine: GetTextMetrics failed ()
2019-09-22T17:00:35 [CRITICAL] QWindowsFontEngine::QWindowsFontEngine: GetTextMetrics failed ()
2019-09-22T17:00:35 [CRITICAL] QWindowsFontEngine::QWindowsFontEngine: GetTextMetrics failed ()
2019-09-22T17:00:35 [CRITICAL] QWindowsFontEngine::QWindowsFontEngine: GetTextMetrics failed ()
2019-09-22T17:00:35 [CRITICAL] QWindowsFontEngine::QWindowsFontEngine: GetTextMetrics failed ()
2019-09-22T17:00:35 [CRITICAL] QWindowsFontEngine::QWindowsFontEngine: GetTextMetrics failed ()
2019-09-22T17:00:35 [CRITICAL] QWindowsFontEngine::QWindowsFontEngine: GetTextMetrics failed ()
2019-09-22T17:00:35 [CRITICAL] QWindowsFontEngine::QWindowsFontEngine: GetTextMetrics failed ()
2019-09-22T17:00:35 [CRITICAL] QWindowsFontEngine::QWindowsFontEngine: GetTextMetrics failed ()
2019-09-22T17:00:35 [CRITICAL] QWindowsFontEngine::QWindowsFontEngine: GetTextMetrics failed ()
2019-09-22T17:00:35 [CRITICAL] QWindowsFontEngine::QWindowsFontEngine: GetTextMetrics failed ()
2019-09-22T17:00:35 [CRITICAL] QWindowsFontEngine::QWindowsFontEngine: GetTextMetrics failed ()
2019-09-22T17:00:35 [CRITICAL] QWindowsFontEngine::QWindowsFontEngine: GetTextMetrics failed ()
2019-09-22T17:00:35 [CRITICAL] QWindowsFontEngine::QWindowsFontEngine: GetTextMetrics failed ()
2019-09-22T17:00:35 [CRITICAL] QWindowsFontEngine::QWindowsFontEngine: GetTextMetrics failed ()
2019-09-22T17:00:35 [CRITICAL] QWindowsFontEngine::QWindowsFontEngine: GetTextMetrics failed ()
2019-09-22T17:00:35 [CRITICAL] QWindowsFontEngine::QWindowsFontEngine: GetTextMetrics failed ()
2019-09-22T17:00:35 [CRITICAL] QWindowsFontEngine::QWindowsFontEngine: GetTextMetrics failed ()
2019-09-22T17:00:35 [CRITICAL] QWindowsFontEngine::QWindowsFontEngine: GetTextMetrics failed ()
2019-09-22T17:00:35 [CRITICAL] QWindowsFontEngine::QWindowsFontEngine: GetTextMetrics failed ()
2019-09-22T17:00:35 [CRITICAL] QWindowsFontEngine::QWindowsFontEngine: GetTextMetrics failed ()
2019-09-22T17:00:35 [CRITICAL] QWindowsFontEngine::QWindowsFontEngine: GetTextMetrics failed ()
2019-09-22T17:00:35 [CRITICAL] QWindowsFontEngine::QWindowsFontEngine: GetTextMetrics failed ()
2019-09-22T17:00:35 [CRITICAL] QWindowsFontEngine::QWindowsFontEngine: GetTextMetrics failed ()
2019-09-22T17:00:35 [CRITICAL] QWindowsFontEngine::QWindowsFontEngine: GetTextMetrics failed ()
2019-09-22T17:00:35 [CRITICAL] QWindowsFontEngine::QWindowsFontEngine: GetTextMetrics failed ()
2019-09-22T17:00:35 [CRITICAL] QWindowsFontEngine::QWindowsFontEngine: GetTextMetrics failed ()
2019-09-22T17:00:35 [CRITICAL] QWindowsFontEngine::QWindowsFontEngine: GetTextMetrics failed ()
2019-09-22T17:00:35 [CRITICAL] QWindowsFontEngine::QWindowsFontEngine: GetTextMetrics failed ()
2019-09-22T17:00:35 [CRITICAL] QWindowsFontEngine::QWindowsFontEngine: GetTextMetrics failed ()
2019-09-22T17:00:35 [CRITICAL] QWindowsFontEngine::QWindowsFontEngine: GetTextMetrics failed ()
2019-09-22T17:00:35 [CRITICAL] QWindowsFontEngine::QWindowsFontEngine: GetTextMetrics failed ()
2019-09-22T17:00:35 [CRITICAL] QWindowsFontEngine::QWindowsFontEngine: GetTextMetrics failed ()
2019-09-22T17:00:35 [CRITICAL] QWindowsFontEngine::QWindowsFontEngine: GetTextMetrics failed ()
2019-09-22T17:00:35 [CRITICAL] QWindowsFontEngine::QWindowsFontEngine: GetTextMetrics failed ()
2019-09-22T17:00:35 [CRITICAL] QWindowsFontEngine::QWindowsFontEngine: GetTextMetrics failed ()
2019-09-22T17:00:35 [CRITICAL] QWindowsFontEngine::QWindowsFontEngine: GetTextMetrics failed ()
2019-09-22T17:00:35 [CRITICAL] QWindowsFontEngine::QWindowsFontEngine: GetTextMetrics failed ()
2019-09-22T17:00:35 [CRITICAL] QWindowsFontEngine::QWindowsFontEngine: GetTextMetrics failed ()
2019-09-22T17:00:35 [CRITICAL] QWindowsFontEngine::QWindowsFontEngine: GetTextMetrics failed ()
2019-09-22T17:00:35 [CRITICAL] QWindowsFontEngine::QWindowsFontEngine: GetTextMetrics failed ()
2019-09-22T17:00:35 [CRITICAL] QWindowsFontEngine::QWindowsFontEngine: GetTextMetrics failed ()
2019-09-22T17:00:35 [CRITICAL] QWindowsFontEngine::QWindowsFontEngine: GetTextMetrics failed ()
2019-09-22T17:00:35 [CRITICAL] QWindowsFontEngine::QWindowsFontEngine: GetTextMetrics failed ()
2019-09-22T17:00:35 [CRITICAL] QWindowsFontEngine::QWindowsFontEngine: GetTextMetrics failed ()
2019-09-22T17:00:35 [CRITICAL] QWindowsFontEngine::QWindowsFontEngine: GetTextMetrics failed ()
2019-09-22T17:00:35 [CRITICAL] QWindowsFontEngine::QWindowsFontEngine: GetTextMetrics failed ()
2019-09-22T17:00:35 [CRITICAL] QWindowsFontEngine::QWindowsFontEngine: GetTextMetrics failed ()
2019-09-22T17:00:35 [CRITICAL] QWindowsFontEngine::QWindowsFontEngine: GetTextMetrics failed ()
2019-09-22T17:00:35 [CRITICAL] QWindowsFontEngine::QWindowsFontEngine: GetTextMetrics failed ()
2019-09-22T17:00:35 [CRITICAL] QWindowsFontEngine::QWindowsFontEngine: GetTextMetrics failed ()
2019-09-22T17:00:35 [CRITICAL] QWindowsFontEngine::QWindowsFontEngine: GetTextMetrics failed ()
2019-09-22T17:00:35 [CRITICAL] QWindowsFontEngine::QWindowsFontEngine: GetTextMetrics failed ()
2019-09-22T17:00:35 [CRITICAL] QWindowsFontEngine::QWindowsFontEngine: GetTextMetrics failed ()
2019-09-22T17:00:35 [CRITICAL] QWindowsFontEngine::QWindowsFontEngine: GetTextMetrics failed ()
2019-09-22T17:00:35 [CRITICAL] QWindowsFontEngine::QWindowsFontEngine: GetTextMetrics failed ()
2019-09-22T17:00:35 [CRITICAL] QWindowsFontEngine::QWindowsFontEngine: GetTextMetrics failed ()
2019-09-22T17:00:35 [CRITICAL] QWindowsFontEngine::QWindowsFontEngine: GetTextMetrics failed ()
2019-09-22T17:00:35 [CRITICAL] QWindowsFontEngine::QWindowsFontEngine: GetTextMetrics failed ()
2019-09-22T17:00:35 [CRITICAL] QWindowsFontEngine::QWindowsFontEngine: GetTextMetrics failed ()
2019-09-22T17:00:35 [CRITICAL] QWindowsFontEngine::QWindowsFontEngine: GetTextMetrics failed ()
2019-09-22T17:00:35 [CRITICAL] QWindowsFontEngine::QWindowsFontEngine: GetTextMetrics failed ()
2019-09-22T17:00:35 [CRITICAL] QWindowsFontEngine::QWindowsFontEngine: GetTextMetrics failed ()
2019-09-22T17:00:35 [CRITICAL] QWindowsFontEngine::QWindowsFontEngine: GetTextMetrics failed ()
2019-09-22T17:00:35 [CRITICAL] QWindowsFontEngine::QWindowsFontEngine: GetTextMetrics failed ()
2019-09-22T17:00:35 [CRITICAL] QWindowsFontEngine::QWindowsFontEngine: GetTextMetrics failed ()
2019-09-22T17:00:35 [CRITICAL] QWindowsFontEngine::QWindowsFontEngine: GetTextMetrics failed ()
2019-09-22T17:00:35 [CRITICAL] QWindowsFontEngine::QWindowsFontEngine: GetTextMetrics failed ()
2019-09-22T17:00:35 [CRITICAL] QWindowsFontEngine::QWindowsFontEngine: GetTextMetrics failed ()
2019-09-22T17:00:35 [CRITICAL] QWindowsFontEngine::QWindowsFontEngine: GetTextMetrics failed ()
2019-09-22T17:00:35 [CRITICAL] QWindowsFontEngine::QWindowsFontEngine: GetTextMetrics failed ()
2019-09-22T17:00:35 [CRITICAL] QWindowsFontEngine::QWindowsFontEngine: GetTextMetrics failed ()
2019-09-22T17:00:36 [CRITICAL] QWindowsFontEngine::QWindowsFontEngine: GetTextMetrics failed ()
2019-09-22T17:00:36 [CRITICAL] QWindowsFontEngine::QWindowsFontEngine: GetTextMetrics failed ()
2019-09-22T17:00:36 [CRITICAL] QWindowsFontEngine::QWindowsFontEngine: GetTextMetrics failed ()
2019-09-22T17:00:36 [CRITICAL] QWindowsFontEngine::QWindowsFontEngine: GetTextMetrics failed ()
2019-09-22T17:00:36 [CRITICAL] QWindowsFontEngine::QWindowsFontEngine: GetTextMetrics failed ()
2019-09-22T17:00:36 [CRITICAL] QWindowsFontEngine::QWindowsFontEngine: GetTextMetrics failed ()
2019-09-22T17:00:36 [CRITICAL] QWindowsFontEngine::QWindowsFontEngine: GetTextMetrics failed ()
2019-09-22T17:00:36 [CRITICAL] QWindowsFontEngine::QWindowsFontEngine: GetTextMetrics failed ()
2019-09-22T17:00:36 [CRITICAL] QWindowsFontEngine::QWindowsFontEngine: GetTextMetrics failed ()
2019-09-22T17:00:36 [CRITICAL] QWindowsFontEngine::QWindowsFontEngine: GetTextMetrics failed ()
2019-09-22T17:00:36 [CRITICAL] QWindowsFontEngine::QWindowsFontEngine: GetTextMetrics failed ()
2019-09-22T17:00:36 [CRITICAL] QWindowsFontEngine::QWindowsFontEngine: GetTextMetrics failed ()
2019-09-22T17:00:36 [CRITICAL] QWindowsFontEngine::QWindowsFontEngine: GetTextMetrics failed ()
2019-09-22T17:00:36 [CRITICAL] QWindowsFontEngine::QWindowsFontEngine: GetTextMetrics failed ()
2019-09-22T17:00:36 [CRITICAL] QWindowsFontEngine::QWindowsFontEngine: GetTextMetrics failed ()
2019-09-22T17:00:36 [CRITICAL] QWindowsFontEngine::QWindowsFontEngine: GetTextMetrics failed ()
2019-09-22T17:00:36 [CRITICAL] QWindowsFontEngine::QWindowsFontEngine: GetTextMetrics failed ()
2019-09-22T17:00:36 [CRITICAL] QWindowsFontEngine::QWindowsFontEngine: GetTextMetrics failed ()
2019-09-22T17:00:36 [CRITICAL] QWindowsFontEngine::QWindowsFontEngine: GetTextMetrics failed ()
2019-09-22T17:00:36 [CRITICAL] QWindowsFontEngine::QWindowsFontEngine: GetTextMetrics failed ()
2019-09-22T17:00:36 [CRITICAL] QWindowsFontEngine::QWindowsFontEngine: GetTextMetrics failed ()
2019-09-22T17:00:36 [CRITICAL] QWindowsFontEngine::QWindowsFontEngine: GetTextMetrics failed ()
2019-09-22T17:00:36 [CRITICAL] QWindowsFontEngine::QWindowsFontEngine: GetTextMetrics failed ()
2019-09-22T17:00:36 [CRITICAL] QWindowsFontEngine::QWindowsFontEngine: GetTextMetrics failed ()
2019-09-22T17:00:36 [CRITICAL] QWindowsFontEngine::QWindowsFontEngine: GetTextMetrics failed ()
2019-09-22T17:00:36 [CRITICAL] QWindowsFontEngine::QWindowsFontEngine: GetTextMetrics failed ()
2019-09-22T17:00:36 [CRITICAL] QWindowsFontEngine::QWindowsFontEngine: GetTextMetrics failed ()
2019-09-22T17:00:36 [CRITICAL] QWindowsFontEngine::QWindowsFontEngine: GetTextMetrics failed ()
2019-09-22T17:00:36 [CRITICAL] QWindowsFontEngine::QWindowsFontEngine: GetTextMetrics failed ()
2019-09-22T17:00:36 [CRITICAL] QWindowsFontEngine::QWindowsFontEngine: GetTextMetrics failed ()
2019-09-22T17:00:36 [CRITICAL] QWindowsFontEngine::QWindowsFontEngine: GetTextMetrics failed ()
2019-09-22T17:00:36 [CRITICAL] QWindowsFontEngine::QWindowsFontEngine: GetTextMetrics failed ()
2019-09-22T17:00:36 [CRITICAL] QWindowsFontEngine::QWindowsFontEngine: GetTextMetrics failed ()
2019-09-22T17:00:36 [CRITICAL] QWindowsFontEngine::QWindowsFontEngine: GetTextMetrics failed ()
2019-09-22T17:00:36 [CRITICAL] QWindowsFontEngine::QWindowsFontEngine: GetTextMetrics failed ()
2019-09-22T17:00:36 [CRITICAL] QWindowsFontEngine::QWindowsFontEngine: GetTextMetrics failed ()
2019-09-22T17:00:41 [CRITICAL] QWindowsFontEngine::QWindowsFontEngine: GetTextMetrics failed ()
2019-09-22T17:00:41 [CRITICAL] QWindowsFontEngine::QWindowsFontEngine: GetTextMetrics failed ()
2019-09-22T17:00:41 [CRITICAL] QWindowsFontEngine::QWindowsFontEngine: GetTextMetrics failed ()
2019-09-22T17:00:41 [CRITICAL] QWindowsFontEngine::QWindowsFontEngine: GetTextMetrics failed ()
2019-09-22T17:00:41 [CRITICAL] QWindowsFontEngine::QWindowsFontEngine: GetTextMetrics failed ()
2019-09-22T17:00:41 [CRITICAL] QWindowsFontEngine::QWindowsFontEngine: GetTextMetrics failed ()
2019-09-22T17:00:41 [CRITICAL] QWindowsFontEngine::QWindowsFontEngine: GetTextMetrics failed ()
2019-09-22T17:00:41 [CRITICAL] QWindowsFontEngine::QWindowsFontEngine: GetTextMetrics failed ()
2019-09-22T17:00:41 [CRITICAL] QWindowsFontEngine::QWindowsFontEngine: GetTextMetrics failed ()
2019-09-22T17:00:41 [CRITICAL] QWindowsFontEngine::QWindowsFontEngine: GetTextMetrics failed ()
2019-09-22T17:00:41 [CRITICAL] QWindowsFontEngine::QWindowsFontEngine: GetTextMetrics failed ()
2019-09-22T17:00:41 [CRITICAL] QWindowsFontEngine::QWindowsFontEngine: GetTextMetrics failed ()
2019-09-22T17:00:41 [CRITICAL] QWindowsFontEngine::QWindowsFontEngine: GetTextMetrics failed ()
2019-09-22T17:00:41 [CRITICAL] QWindowsFontEngine::QWindowsFontEngine: GetTextMetrics failed ()
2019-09-22T17:00:41 [CRITICAL] QWindowsFontEngine::QWindowsFontEngine: GetTextMetrics failed ()
2019-09-22T17:00:41 [CRITICAL] QWindowsFontEngine::QWindowsFontEngine: GetTextMetrics failed ()
2019-09-22T17:00:41 [CRITICAL] QWindowsFontEngine::QWindowsFontEngine: GetTextMetrics failed ()
2019-09-22T17:00:41 [CRITICAL] QWindowsFontEngine::QWindowsFontEngine: GetTextMetrics failed ()
2019-09-22T17:00:41 [CRITICAL] QWindowsFontEngine::QWindowsFontEngine: GetTextMetrics failed ()
2019-09-22T17:00:41 [CRITICAL] QWindowsFontEngine::QWindowsFontEngine: GetTextMetrics failed ()
2019-09-22T17:00:41 [CRITICAL] QWindowsFontEngine::QWindowsFontEngine: GetTextMetrics failed ()
2019-09-22T17:00:41 [CRITICAL] QWindowsFontEngine::QWindowsFontEngine: GetTextMetrics failed ()
2019-09-22T17:00:41 [CRITICAL] QWindowsFontEngine::QWindowsFontEngine: GetTextMetrics failed ()
2019-09-22T17:00:41 [CRITICAL] QWindowsFontEngine::QWindowsFontEngine: GetTextMetrics failed ()
2019-09-22T17:00:41 [CRITICAL] QWindowsFontEngine::QWindowsFontEngine: GetTextMetrics failed ()
2019-09-22T17:00:41 [CRITICAL] QWindowsFontEngine::QWindowsFontEngine: GetTextMetrics failed ()
2019-09-22T17:00:41 [CRITICAL] QWindowsFontEngine::QWindowsFontEngine: GetTextMetrics failed ()
2019-09-22T17:00:41 [CRITICAL] QWindowsFontEngine::QWindowsFontEngine: GetTextMetrics failed ()
2019-09-22T17:00:41 [CRITICAL] QWindowsFontEngine::QWindowsFontEngine: GetTextMetrics failed ()
2019-09-22T17:00:41 [CRITICAL] QWindowsFontEngine::QWindowsFontEngine: GetTextMetrics failed ()
2019-09-22T17:00:41 [CRITICAL] QWindowsFontEngine::QWindowsFontEngine: GetTextMetrics failed ()
2019-09-22T17:00:41 [CRITICAL] QWindowsFontEngine::QWindowsFontEngine: GetTextMetrics failed ()
2019-09-22T17:00:41 [CRITICAL] QWindowsFontEngine::QWindowsFontEngine: GetTextMetrics failed ()
2019-09-22T17:00:41 [CRITICAL] QWindowsFontEngine::QWindowsFontEngine: GetTextMetrics failed ()
2019-09-22T17:00:41 [CRITICAL] QWindowsFontEngine::QWindowsFontEngine: GetTextMetrics failed ()
2019-09-22T17:00:41 [CRITICAL] QWindowsFontEngine::QWindowsFontEngine: GetTextMetrics failed ()
2019-09-22T17:00:41 [CRITICAL] QWindowsFontEngine::QWindowsFontEngine: GetTextMetrics failed ()
2019-09-22T17:00:41 [CRITICAL] QWindowsFontEngine::QWindowsFontEngine: GetTextMetrics failed ()
2019-09-22T17:00:41 [CRITICAL] QWindowsFontEngine::QWindowsFontEngine: GetTextMetrics failed ()
2019-09-22T17:00:41 [CRITICAL] QWindowsFontEngine::QWindowsFontEngine: GetTextMetrics failed ()
2019-09-22T17:00:41 [CRITICAL] QWindowsFontEngine::QWindowsFontEngine: GetTextMetrics failed ()
2019-09-22T17:00:41 [CRITICAL] QWindowsFontEngine::QWindowsFontEngine: GetTextMetrics failed ()
2019-09-22T17:00:41 [CRITICAL] QWindowsFontEngine::QWindowsFontEngine: GetTextMetrics failed ()
2019-09-22T17:00:41 [CRITICAL] QWindowsFontEngine::QWindowsFontEngine: GetTextMetrics failed ()
2019-09-22T17:00:41 [CRITICAL] QWindowsFontEngine::QWindowsFontEngine: GetTextMetrics failed ()
2019-09-22T17:00:41 [CRITICAL] QWindowsFontEngine::QWindowsFontEngine: GetTextMetrics failed ()
2019-09-22T17:00:41 [CRITICAL] QWindowsFontEngine::QWindowsFontEngine: GetTextMetrics failed ()
2019-09-22T17:00:41 [CRITICAL] QWindowsFontEngine::QWindowsFontEngine: GetTextMetrics failed ()
2019-09-22T17:00:41 [CRITICAL] QWindowsFontEngine::QWindowsFontEngine: GetTextMetrics failed ()
2019-09-22T17:00:41 [CRITICAL] QWindowsFontEngine::QWindowsFontEngine: GetTextMetrics failed ()
2019-09-22T17:00:41 [CRITICAL] QWindowsFontEngine::QWindowsFontEngine: GetTextMetrics failed ()
2019-09-22T17:00:41 [CRITICAL] QWindowsFontEngine::QWindowsFontEngine: GetTextMetrics failed ()
2019-09-22T17:00:41 [CRITICAL] QWindowsFontEngine::QWindowsFontEngine: GetTextMetrics failed ()
2019-09-22T17:00:41 [CRITICAL] QWindowsFontEngine::QWindowsFontEngine: GetTextMetrics failed ()
2019-09-22T17:00:41 [CRITICAL] QWindowsFontEngine::QWindowsFontEngine: GetTextMetrics failed ()
2019-09-22T17:00:41 [CRITICAL] QWindowsFontEngine::QWindowsFontEngine: GetTextMetrics failed ()
2019-09-22T17:00:41 [CRITICAL] QWindowsFontEngine::QWindowsFontEngine: GetTextMetrics failed ()
2019-09-22T17:00:41 [CRITICAL] QWindowsFontEngine::QWindowsFontEngine: GetTextMetrics failed ()
2019-09-22T17:00:41 [CRITICAL] QWindowsFontEngine::QWindowsFontEngine: GetTextMetrics failed ()
2019-09-22T17:00:41 [CRITICAL] QWindowsFontEngine::QWindowsFontEngine: GetTextMetrics failed ()
2019-09-22T17:00:41 [CRITICAL] QWindowsFontEngine::QWindowsFontEngine: GetTextMetrics failed ()
2019-09-22T17:00:41 [CRITICAL] QWindowsFontEngine::QWindowsFontEngine: GetTextMetrics failed ()
2019-09-22T17:00:41 [CRITICAL] QWindowsFontEngine::QWindowsFontEngine: GetTextMetrics failed ()
2019-09-22T17:00:41 [CRITICAL] QWindowsFontEngine::QWindowsFontEngine: GetTextMetrics failed ()
2019-09-22T17:00:41 [CRITICAL] QWindowsFontEngine::QWindowsFontEngine: GetTextMetrics failed ()
2019-09-22T17:00:41 [CRITICAL] QWindowsFontEngine::QWindowsFontEngine: GetTextMetrics failed ()
2019-09-22T17:00:41 [CRITICAL] QWindowsFontEngine::QWindowsFontEngine: GetTextMetrics failed ()
2019-09-22T17:00:41 [CRITICAL] QWindowsFontEngine::QWindowsFontEngine: GetTextMetrics failed ()
2019-09-22T17:00:41 [CRITICAL] QWindowsFontEngine::QWindowsFontEngine: GetTextMetrics failed ()
2019-09-22T17:00:41 [CRITICAL] QWindowsFontEngine::QWindowsFontEngine: GetTextMetrics failed ()
2019-09-22T17:00:41 [CRITICAL] QWindowsFontEngine::QWindowsFontEngine: GetTextMetrics failed ()
2019-09-22T17:00:41 [CRITICAL] QWindowsFontEngine::QWindowsFontEngine: GetTextMetrics failed ()
2019-09-22T17:00:41 [CRITICAL] QWindowsFontEngine::QWindowsFontEngine: GetTextMetrics failed ()
2019-09-22T17:00:41 [CRITICAL] QWindowsFontEngine::QWindowsFontEngine: GetTextMetrics failed ()
2019-09-22T17:00:41 [CRITICAL] QWindowsFontEngine::QWindowsFontEngine: GetTextMetrics failed ()
2019-09-22T17:00:41 [CRITICAL] QWindowsFontEngine::QWindowsFontEngine: GetTextMetrics failed ()
2019-09-22T17:00:41 [CRITICAL] QWindowsFontEngine::QWindowsFontEngine: GetTextMetrics failed ()
2019-09-22T17:00:41 [CRITICAL] QWindowsFontEngine::QWindowsFontEngine: GetTextMetrics failed ()
2019-09-22T17:00:41 [CRITICAL] QWindowsFontEngine::QWindowsFontEngine: GetTextMetrics failed ()
2019-09-22T17:00:41 [CRITICAL] QWindowsFontEngine::QWindowsFontEngine: GetTextMetrics failed ()
2019-09-22T17:00:41 [CRITICAL] QWindowsFontEngine::QWindowsFontEngine: GetTextMetrics failed ()
2019-09-22T17:00:41 [CRITICAL] QWindowsFontEngine::QWindowsFontEngine: GetTextMetrics failed ()
2019-09-22T17:00:41 [CRITICAL] QWindowsFontEngine::QWindowsFontEngine: GetTextMetrics failed ()
2019-09-22T17:00:41 [CRITICAL] QWindowsFontEngine::QWindowsFontEngine: GetTextMetrics failed ()
2019-09-22T17:00:41 [CRITICAL] QWindowsFontEngine::QWindowsFontEngine: GetTextMetrics failed ()
2019-09-22T17:00:41 [CRITICAL] QWindowsFontEngine::QWindowsFontEngine: GetTextMetrics failed ()
2019-09-22T17:00:41 [CRITICAL] QWindowsFontEngine::QWindowsFontEngine: GetTextMetrics failed ()
2019-09-22T17:00:41 [CRITICAL] QWindowsFontEngine::QWindowsFontEngine: GetTextMetrics failed ()
2019-09-22T17:00:41 [CRITICAL] QWindowsFontEngine::QWindowsFontEngine: GetTextMetrics failed ()
2019-09-22T17:00:41 [CRITICAL] QWindowsFontEngine::QWindowsFontEngine: GetTextMetrics failed ()
2019-09-22T17:00:41 [CRITICAL] QWindowsFontEngine::QWindowsFontEngine: GetTextMetrics failed ()
2019-09-22T17:00:41 [CRITICAL] QWindowsFontEngine::QWindowsFontEngine: GetTextMetrics failed ()
2019-09-22T17:00:41 [CRITICAL] QWindowsFontEngine::QWindowsFontEngine: GetTextMetrics failed ()
2019-09-22T17:00:41 [CRITICAL] QWindowsFontEngine::QWindowsFontEngine: GetTextMetrics failed ()
2019-09-22T17:00:41 [CRITICAL] QWindowsFontEngine::QWindowsFontEngine: GetTextMetrics failed ()
2019-09-22T17:00:41 [CRITICAL] QWindowsFontEngine::QWindowsFontEngine: GetTextMetrics failed ()
2019-09-22T17:00:41 [CRITICAL] Q[ERROR - 2019-09-22T21:01:05.824Z] WebElementLocator - _handleLocateCommand - Element(s) NOT Found: GAVE UP. Search Stop Time: 1569186065785

  phantomjs://platform/console++.js:263 in error
